Populatia initiala:
1: 0000000001011001100001 x= -0.995902 f= 0.0122763
2: 0111101111101110000011 x= 0.452304 f= 2.24773
3: 1110000011111011111000 x= 1.63653 f= 0.958298
4: 1010011011001101000100 x= 0.9547 f= 2.04325
5: 1111111110010000110101 x= 1.99491 f= 0.0152391
6: 1011100100101101010111 x= 1.17005 f= 1.80104
7: 1011101011001100110110 x= 1.18907 f= 1.77519
8: 0000101101001001110001 x= -0.867717 f= 0.37935
9: 0101000111000110000111 x= -0.0417123 f= 1.95655
10: 1010111000010010001001 x= 1.03989 f= 1.95852
11: 1010100001001000101010 x= 0.972076 f= 2.02714
12: 0111101110111100111011 x= 0.450055 f= 2.24751
13: 0101010110110011100010 x= 0.00431228 f= 2.00429
14: 1001001011001111001001 x= 0.72042 f= 2.20141
15: 1111000010011111010101 x= 1.81979 f= 0.508143
16: 1000011001010101011001 x= 0.574222 f= 2.24449
17: 0010101000101011000001 x= -0.505843 f= 1.23828
18: 1011110101100010001010 x= 1.21934 f= 1.73255
19: 1111111010111100001110 x= 1.98518 f= 0.0442428
20: 0100100111011101001000 x= -0.134409 f= 1.84753

Probabilitati selectie:
cromozom 1 probabilitate 0.000419803
cromozom 2 probabilitate 0.0768636
cromozom 3 probabilitate 0.0327702
cromozom 4 probabilitate 0.0698713
cromozom 5 probabilitate 0.000521119
cromozom 6 probabilitate 0.0615887
cromozom 7 probabilitate 0.0607047
cromozom 8 probabilitate 0.0129723
cromozom 9 probabilitate 0.0669065
cromozom 10 probabilitate 0.0669738
cromozom 11 probabilitate 0.0693206
cromozom 12 probabilitate 0.0768561
cromozom 13 probabilitate 0.0685392
cromozom 14 probabilitate 0.07528
cromozom 15 probabilitate 0.0173766
cromozom 16 probabilitate 0.0767531
cromozom 17 probabilitate 0.0423444
cromozom 18 probabilitate 0.0592467
cromozom 19 probabilitate 0.00151294
cromozom 20 probabilitate 0.0631783

Intervale probabilitati selectie:
0 0.000419803 0.0772834 0.110054 0.179925 0.180446 0.242035 0.302739 0.315712 0.382618 0.449592 0.518913 0.595769 0.664308 0.739588 0.756965 0.833718 0.876062 0.935309 0.936822 1 
u = 0.38667 selectam cromozomul 10
u = 0.673849 selectam cromozomul 14
u = 0.263894 selectam cromozomul 7
u = 0.290811 selectam cromozomul 7
u = 0.863369 selectam cromozomul 17
u = 0.552568 selectam cromozomul 12
u = 0.664327 selectam cromozomul 14
u = 0.0910978 selectam cromozomul 3
u = 0.123692 selectam cromozomul 4
u = 0.78985 selectam cromozomul 16
u = 0.891812 selectam cromozomul 18
u = 0.608325 selectam cromozomul 13
u = 0.920499 selectam cromozomul 18
u = 0.512528 selectam cromozomul 11
u = 0.910092 selectam cromozomul 18
u = 0.418409 selectam cromozomul 10
u = 0.62392 selectam cromozomul 13
u = 0.815607 selectam cromozomul 16
u = 0.317484 selectam cromozomul 9

Dupa selectie:
1: 1010111000010010001001 x= 1.03989 f= 1.95852
2: 1001001011001111001001 x= 0.72042 f= 2.20141
3: 1011101011001100110110 x= 1.18907 f= 1.77519
4: 1011101011001100110110 x= 1.18907 f= 1.77519
5: 0010101000101011000001 x= -0.505843 f= 1.23828
6: 0111101110111100111011 x= 0.450055 f= 2.24751
7: 1001001011001111001001 x= 0.72042 f= 2.20141
8: 1110000011111011111000 x= 1.63653 f= 0.958298
9: 1010011011001101000100 x= 0.9547 f= 2.04325
10: 1000011001010101011001 x= 0.574222 f= 2.24449
11: 1011110101100010001010 x= 1.21934 f= 1.73255
12: 0101010110110011100010 x= 0.00431228 f= 2.00429
13: 1011110101100010001010 x= 1.21934 f= 1.73255
14: 1010100001001000101010 x= 0.972076 f= 2.02714
15: 1011110101100010001010 x= 1.21934 f= 1.73255
16: 1010111000010010001001 x= 1.03989 f= 1.95852
17: 0101010110110011100010 x= 0.00431228 f= 2.00429
18: 1000011001010101011001 x= 0.574222 f= 2.24449
19: 0101000111000110000111 x= -0.0417123 f= 1.95655

Probabilitate de incrucisare este 0.25
1: 1010111000010010001001 u= 0.576586
2: 1001001011001111001001 u= 0.0180364<0.25 participa
3: 1011101011001100110110 u= 0.997711
4: 1011101011001100110110 u= 0.765374
5: 0010101000101011000001 u= 0.986602
6: 0111101110111100111011 u= 0.318094
7: 1001001011001111001001 u= 0.134495<0.25 participa
8: 1110000011111011111000 u= 0.363201
9: 1010011011001101000100 u= 0.810846
10: 1000011001010101011001 u= 0.0644551<0.25 participa
11: 1011110101100010001010 u= 0.0212409<0.25 participa
12: 0101010110110011100010 u= 0.97589
13: 1011110101100010001010 u= 0.203101<0.25 participa
14: 1010100001001000101010 u= 0.0502335<0.25 participa
15: 1011110101100010001010 u= 0.0154729<0.25 participa
16: 1010111000010010001001 u= 0.820124
17: 0101010110110011100010 u= 0.144566<0.25 participa
18: 1000011001010101011001 u= 0.937956
19: 0101000111000110000111 u= 0.811792

Recombinare dintre cromozomul 2 cu cromozomul 7
1001001011001111001001 1001001011001111001001 punct 1
Rezultat 1001001011001111001001 1001001011001111001001
Recombinare dintre cromozomul 10 cu cromozomul 11
1000011001010101011001 1011110101100010001010 punct 19
Rezultat 1011110101100010001001 1000011001010101011010
Recombinare dintre cromozomul 13 cu cromozomul 14
1011110101100010001010 1010100001001000101010 punct 12
Rezultat 1010100001000010001010 1011110101101000101010
Recombinare dintre cromozomul 15 cu cromozomul 17
1011110101100010001010 0101010110110011100010 punct 10
Rezultat 0101010110100010001010 1011110101110011100010

Dupa recombinare:
1: 1010111000010010001001 x= 1.03989 f= 1.95852
2: 1001001011001111001001 x= 0.72042 f= 2.20141
3: 1011101011001100110110 x= 1.18907 f= 1.77519
4: 1011101011001100110110 x= 1.18907 f= 1.77519
5: 0010101000101011000001 x= -0.505843 f= 1.23828
6: 0111101110111100111011 x= 0.450055 f= 2.24751
7: 1001001011001111001001 x= 0.72042 f= 2.20141
8: 1110000011111011111000 x= 1.63653 f= 0.958298
9: 1010011011001101000100 x= 0.9547 f= 2.04325
10: 1011110101100010001001 x= 1.21934 f= 1.73255
11: 1000011001010101011010 x= 0.574222 f= 2.24449
12: 0101010110110011100010 x= 0.00431228 f= 2.00429
13: 1010100001000010001010 x= 0.971779 f= 2.02742
14: 1011110101101000101010 x= 1.21964 f= 1.73213
15: 0101010110100010001010 x= 0.00351691 f= 2.0035
16: 1010111000010010001001 x= 1.03989 f= 1.95852
17: 1011110101110011100010 x= 1.22013 f= 1.73141
18: 1000011001010101011001 x= 0.574222 f= 2.24449
19: 0101000111000110000111 x= -0.0417123 f= 1.95655

Probabilitate de mutatie pentru fiecare cromozom 0.1
Au fost modificati cromozomii:
7
18

Dupa mutatie:
1: 1010111000010010001001 x= 1.03989 f= 1.95852
2: 1001001011001111001001 x= 0.72042 f= 2.20141
3: 1011101011001100110110 x= 1.18907 f= 1.77519
4: 1011101011001100110110 x= 1.18907 f= 1.77519
5: 0010101000101011000001 x= -0.505843 f= 1.23828
6: 0111101110111100111011 x= 0.450055 f= 2.24751
7: 1001011011001111001001 x= 0.767295 f= 2.17855
8: 1110000011111011111000 x= 1.63653 f= 0.958298
9: 1010011011001101000100 x= 0.9547 f= 2.04325
10: 1011110101100010001001 x= 1.21934 f= 1.73255
11: 1000011001010101011010 x= 0.574222 f= 2.24449
12: 0101010110110011100010 x= 0.00431228 f= 2.00429
13: 1010100001000010001010 x= 0.971779 f= 2.02742
14: 1011110101101000101010 x= 1.21964 f= 1.73213
15: 0101010110100010001010 x= 0.00351691 f= 2.0035
16: 1010111000010010001001 x= 1.03989 f= 1.95852
17: 1011110101110011100010 x= 1.22013 f= 1.73141
18: 1001011001010101011001 x= 0.761722 f= 2.1815
19: 0101000111000110000111 x= -0.0417123 f= 1.95655

Elita:
2: cromozom 0111101111101110000011 x= 0.452304 f= 2.24773

Dupa introducerea elitei:
1: 1010111000010010001001 x= 1.03989 f= 1.95852
2: 1001001011001111001001 x= 0.72042 f= 2.20141
3: 1011101011001100110110 x= 1.18907 f= 1.77519
4: 1011101011001100110110 x= 1.18907 f= 1.77519
5: 0010101000101011000001 x= -0.505843 f= 1.23828
6: 0111101110111100111011 x= 0.450055 f= 2.24751
7: 1001011011001111001001 x= 0.767295 f= 2.17855
8: 1110000011111011111000 x= 1.63653 f= 0.958298
9: 1010011011001101000100 x= 0.9547 f= 2.04325
10: 1011110101100010001001 x= 1.21934 f= 1.73255
11: 1000011001010101011010 x= 0.574222 f= 2.24449
12: 0101010110110011100010 x= 0.00431228 f= 2.00429
13: 1010100001000010001010 x= 0.971779 f= 2.02742
14: 1011110101101000101010 x= 1.21964 f= 1.73213
15: 0101010110100010001010 x= 0.00351691 f= 2.0035
16: 1010111000010010001001 x= 1.03989 f= 1.95852
17: 1011110101110011100010 x= 1.22013 f= 1.73141
18: 1001011001010101011001 x= 0.761722 f= 2.1815
19: 0101000111000110000111 x= -0.0417123 f= 1.95655
20: 0111101111101110000011 x= 0.452304 f= 2.24773

Evolutia maximului:
max: 2.24773 medie: 1.46215
max: 2.24773 medie: 1.90981
max: 2.24773 medie: 2.04841
max: 2.24773 medie: 2.07907
max: 2.24773 medie: 2.15275
max: 2.24773 medie: 2.18398
max: 2.24773 medie: 2.13394
max: 2.24773 medie: 2.06886
max: 2.24773 medie: 2.09643
max: 2.24773 medie: 2.05591
max: 2.24774 medie: 2.11361
max: 2.24774 medie: 2.17666
max: 2.24774 medie: 2.18613
max: 2.24774 medie: 2.17742
max: 2.24774 medie: 2.15813
max: 2.24774 medie: 2.17373
max: 2.24949 medie: 2.15506
max: 2.24949 medie: 2.16123
max: 2.24949 medie: 2.18659
max: 2.24949 medie: 2.19957
max: 2.24949 medie: 2.19924
max: 2.24949 medie: 2.22479
max: 2.24949 medie: 2.23483
max: 2.24972 medie: 2.23028
max: 2.24972 medie: 2.15855
max: 2.24972 medie: 2.14908
max: 2.24972 medie: 2.15202
max: 2.24972 medie: 1.8871
max: 2.24977 medie: 2.10927
max: 2.24977 medie: 1.94211
max: 2.24977 medie: 2.19484
max: 2.24991 medie: 2.18398
max: 2.24991 medie: 2.23083
max: 2.24991 medie: 2.09793
max: 2.24991 medie: 2.24779
max: 2.24991 medie: 2.24876
max: 2.24991 medie: 2.24854
max: 2.24991 medie: 2.24893
max: 2.24991 medie: 2.24915
max: 2.24997 medie: 2.24937
max: 2.24997 medie: 2.24976
max: 2.25 medie: 2.24979
max: 2.25 medie: 2.24977
max: 2.25 medie: 2.24978
max: 2.25 medie: 2.24971
max: 2.25 medie: 2.24962
max: 2.25 medie: 2.21931
max: 2.25 medie: 2.18875
max: 2.25 medie: 2.18054
max: 2.25 medie: 2.20389
